{"total": {"lines":{"total":102,"covered":91,"skipped":0,"pct":89.21},"statements":{"total":111,"covered":93,"skipped":0,"pct":83.78},"functions":{"total":40,"covered":32,"skipped":0,"pct":80},"branches":{"total":19,"covered":8,"skipped":0,"pct":42.1},"branchesTrue":{"total":0,"covered":0,"skipped":0,"pct":"Unknown"}}
,"D:\\Dev\\stellar-burgers\\src\\services\\slices\\constructorSlice.ts": {"lines":{"total":18,"covered":18,"skipped":0,"pct":100},"functions":{"total":6,"covered":6,"skipped":0,"pct":100},"statements":{"total":20,"covered":20,"skipped":0,"pct":100},"branches":{"total":2,"covered":2,"skipped":0,"pct":100}}
,"D:\\Dev\\stellar-burgers\\src\\services\\slices\\feedSlice.ts": {"lines":{"total":19,"covered":17,"skipped":0,"pct":89.47},"functions":{"total":7,"covered":5,"skipped":0,"pct":71.42},"statements":{"total":21,"covered":17,"skipped":0,"pct":80.95},"branches":{"total":6,"covered":2,"skipped":0,"pct":33.33}}
,"D:\\Dev\\stellar-burgers\\src\\services\\slices\\ingredientsSlice.ts": {"lines":{"total":14,"covered":13,"skipped":0,"pct":92.85},"functions":{"total":5,"covered":4,"skipped":0,"pct":80},"statements":{"total":15,"covered":13,"skipped":0,"pct":86.66},"branches":{"total":4,"covered":2,"skipped":0,"pct":50}}
,"D:\\Dev\\stellar-burgers\\src\\services\\slices\\orderSlice.ts": {"lines":{"total":32,"covered":26,"skipped":0,"pct":81.25},"functions":{"total":14,"covered":10,"skipped":0,"pct":71.42},"statements":{"total":34,"covered":26,"skipped":0,"pct":76.47},"branches":{"total":6,"covered":2,"skipped":0,"pct":33.33}}
,"D:\\Dev\\stellar-burgers\\src\\services\\slices\\userSlice.ts": {"lines":{"total":19,"covered":17,"skipped":0,"pct":89.47},"functions":{"total":8,"covered":7,"skipped":0,"pct":87.5},"statements":{"total":21,"covered":17,"skipped":0,"pct":80.95},"branches":{"total":1,"covered":0,"skipped":0,"pct":0}}
}
