TN:
SF:src\services\slices\constructorSlice.ts
FN:20,(anonymous_2)
FN:27,(anonymous_3)
FN:31,(anonymous_4)
FN:33,(anonymous_5)
FN:36,(anonymous_6)
FN:45,(anonymous_7)
FNF:6
FNH:6
FNDA:3,(anonymous_2)
FNDA:3,(anonymous_3)
FNDA:1,(anonymous_4)
FNDA:1,(anonymous_5)
FNDA:1,(anonymous_6)
FNDA:1,(anonymous_7)
DA:1,2
DA:3,2
DA:10,2
DA:15,2
DA:21,3
DA:22,1
DA:24,2
DA:27,3
DA:32,1
DA:33,1
DA:40,1
DA:41,1
DA:42,1
DA:43,1
DA:46,1
DA:47,1
DA:53,2
DA:58,2
LF:18
LH:18
BRDA:21,0,0,1
BRDA:21,0,1,2
BRF:2
BRH:2
end_of_record
TN:
SF:src\services\slices\feedSlice.ts
FN:23,(anonymous_13)
FN:28,(anonymous_16)
FN:35,(anonymous_19)
FN:37,(anonymous_20)
FN:41,(anonymous_21)
FN:47,(anonymous_22)
FN:51,(anonymous_23)
FNF:7
FNH:5
FNDA:0,(anonymous_13)
FNDA:0,(anonymous_16)
FNDA:2,(anonymous_19)
FNDA:1,(anonymous_20)
FNDA:1,(anonymous_21)
FNDA:2,(anonymous_22)
FNDA:2,(anonymous_23)
DA:1,2
DA:3,2
DA:13,2
DA:21,2
DA:23,0
DA:26,2
DA:28,0
DA:31,2
DA:36,2
DA:38,1
DA:39,1
DA:42,1
DA:43,1
DA:44,1
DA:45,1
DA:48,2
DA:49,2
DA:52,2
DA:57,2
LF:19
LH:17
BRDA:23,0,0,0
BRDA:23,0,1,0
BRDA:28,1,0,0
BRDA:28,1,1,0
BRDA:49,2,0,2
BRDA:49,2,1,1
BRF:6
BRH:2
end_of_record
TN:
SF:src\services\slices\ingredientsSlice.ts
FN:19,(anonymous_13)
FN:26,(anonymous_16)
FN:28,(anonymous_17)
FN:32,(anonymous_18)
FN:36,(anonymous_19)
FNF:5
FNH:4
FNDA:0,(anonymous_13)
FNDA:2,(anonymous_16)
FNDA:1,(anonymous_17)
FNDA:1,(anonymous_18)
FNDA:3,(anonymous_19)
DA:1,2
DA:3,2
DA:11,2
DA:17,2
DA:19,0
DA:22,2
DA:27,2
DA:29,1
DA:30,1
DA:33,1
DA:34,1
DA:37,3
DA:38,3
DA:43,2
LF:14
LH:13
BRDA:19,0,0,0
BRDA:19,0,1,0
BRDA:38,1,0,3
BRDA:38,1,1,1
BRF:4
BRH:2
end_of_record
TN:
SF:src\services\slices\orderSlice.ts
FN:21,(anonymous_13)
FN:21,(anonymous_14)
FN:29,(anonymous_16)
FN:29,(anonymous_17)
FN:39,(anonymous_19)
FN:44,(anonymous_20)
FN:47,(anonymous_21)
FN:51,(anonymous_22)
FN:53,(anonymous_23)
FN:57,(anonymous_24)
FN:62,(anonymous_25)
FN:66,(anonymous_26)
FN:69,(anonymous_27)
FN:73,(anonymous_28)
FNF:14
FNH:10
FNDA:0,(anonymous_13)
FNDA:0,(anonymous_14)
FNDA:0,(anonymous_16)
FNDA:0,(anonymous_17)
FNDA:1,(anonymous_19)
FNDA:1,(anonymous_20)
FNDA:1,(anonymous_21)
FNDA:2,(anonymous_22)
FNDA:1,(anonymous_23)
FNDA:1,(anonymous_24)
FNDA:1,(anonymous_25)
FNDA:1,(anonymous_26)
FNDA:1,(anonymous_27)
FNDA:1,(anonymous_28)
DA:1,2
DA:3,2
DA:12,2
DA:19,2
DA:21,0
DA:22,0
DA:23,0
DA:27,2
DA:29,0
DA:30,0
DA:31,0
DA:35,2
DA:40,1
DA:41,1
DA:42,1
DA:45,1
DA:48,1
DA:52,2
DA:54,1
DA:55,1
DA:58,1
DA:59,1
DA:60,1
DA:63,1
DA:64,1
DA:67,1
DA:70,1
DA:71,1
DA:74,1
DA:75,1
DA:80,2
DA:82,2
LF:32
LH:26
BRDA:22,0,0,0
BRDA:30,1,0,0
BRDA:64,2,0,1
BRDA:64,2,1,0
BRDA:75,3,0,1
BRDA:75,3,1,0
BRF:6
BRH:2
end_of_record
TN:
SF:src\services\slices\userSlice.ts
FN:33,(anonymous_13)
FN:42,(anonymous_16)
FN:45,(anonymous_17)
FN:49,(anonymous_18)
FN:52,(anonymous_19)
FN:56,(anonymous_20)
FN:58,(anonymous_21)
FN:63,(anonymous_22)
FNF:8
FNH:7
FNDA:0,(anonymous_13)
FNDA:1,(anonymous_16)
FNDA:1,(anonymous_17)
FNDA:1,(anonymous_18)
FNDA:1,(anonymous_19)
FNDA:2,(anonymous_20)
FNDA:1,(anonymous_21)
FNDA:1,(anonymous_22)
DA:1,2
DA:3,2
DA:23,2
DA:33,2
DA:34,0
DA:35,0
DA:38,2
DA:43,1
DA:46,1
DA:47,1
DA:50,1
DA:53,1
DA:57,2
DA:59,1
DA:60,1
DA:61,1
DA:64,1
DA:69,2
DA:71,2
LF:19
LH:17
BRDA:34,0,0,0
BRF:1
BRH:0
end_of_record
